C51 COMPILER V9.56.0.0   DEVICE                                                            08/01/2024 21:52:21 PAGE 1   


C51 COMPILER V9.56.0.0, COMPILATION OF MODULE DEVICE
OBJECT MODULE PLACED IN .\Objects\Device.obj
COMPILER INVOKED BY: E:\Keil_c51v956\C51\BIN\C51.EXE Device\Device.c OPTIMIZE(8,SPEED) BROWSE INCDIR(.\Device;.\System) 
                    -DEBUG OBJECTEXTEND PRINT(.\Listings\Device.lst) OBJECT(.\Objects\Device.obj)

line level    source

   1          #include "Device.h"
   2          
   3          void DeviceCtrl(u8 data2,u8 data1){
   4   1              P0 = data1;
   5   1              P2 = P2 &0x1f | data2;
   6   1              P2 &= 0X1f;
   7   1      }
   8          
   9          
  10          void System_Init(){
  11   1              DeviceCtrl(0xa0,0xaf);
  12   1      
  13   1      }


MODULE INFORMATION:   STATIC OVERLAYABLE
   CODE SIZE        =     20    ----
   CONSTANT SIZE    =   ----    ----
   XDATA SIZE       =   ----    ----
   PDATA SIZE       =   ----    ----
   DATA SIZE        =   ----    ----
   IDATA SIZE       =   ----    ----
   BIT SIZE         =   ----    ----
END OF MODULE INFORMATION.


C51 COMPILATION COMPLETE.  0 WARNING(S),  0 ERROR(S)
