C51 COMPILER V9.56.0.0   DEVICE                                                            08/05/2024 10:33:05 PAGE 1   


C51 COMPILER V9.56.0.0, COMPILATION OF MODULE DEVICE
OBJECT MODULE PLACED IN .\Objects\device.obj
COMPILER INVOKED BY: E:\Keil_c51v956\C51\BIN\C51.EXE Device\device.c OPTIMIZE(8,SPEED) BROWSE INCDIR(.\Device;.\System) 
                    -DEBUG OBJECTEXTEND PRINT(.\Listings\device.lst) OBJECT(.\Objects\device.obj)

line level    source

   1          #include "device.h"
   2          
   3          void Device_Ctrl(data2,data1){
   4   1              P0 = data1;
   5   1              P2 = P2 & 0X1F| data2;
   6   1              P2 = P2&0X1F;
   7   1      }
   8          
   9          
  10          void System_Init(){
  11   1              Device_Ctrl(0x80,0xff);
  12   1              Device_Ctrl(0xa0,0xaf);
  13   1      
  14   1      }
  15          
  16          
  17          void Delay5ms(void)     //@12.000MHz
  18          {
  19   1              unsigned char data i, j;
  20   1      
  21   1              i = 59;
  22   1              j = 90;
  23   1              do
  24   1              {
  25   2                      while (--j);
  26   2              } while (--i);
  27   1      }


MODULE INFORMATION:   STATIC OVERLAYABLE
   CODE SIZE        =     40    ----
   CONSTANT SIZE    =   ----    ----
   XDATA SIZE       =   ----    ----
   PDATA SIZE       =   ----    ----
   DATA SIZE        =   ----    ----
   IDATA SIZE       =   ----    ----
   BIT SIZE         =   ----    ----
END OF MODULE INFORMATION.


C51 COMPILATION COMPLETE.  0 WARNING(S),  0 ERROR(S)
