C51 COMPILER V9.56.0.0   IIC                                                               08/07/2024 09:57:11 PAGE 1   


C51 COMPILER V9.56.0.0, COMPILATION OF MODULE IIC
OBJECT MODULE PLACED IN .\Objects\iic.obj
COMPILER INVOKED BY: E:\Keil_c51v956\C51\BIN\C51.EXE Device\iic.c OPTIMIZE(8,SPEED) BROWSE INCDIR(.\Device;.\System) DEB
                    -UG OBJECTEXTEND PRINT(.\Listings\iic.lst) OBJECT(.\Objects\iic.obj)

line level    source

   1          /*
   2            程序说明: IIC总线驱动程序
   3            软件环境: Keil uVision 4.10 
   4            硬件环境: CT107单片机综合实训平台 8051，12MHz
   5            日    期: 2011-8-9
   6          */
   7          
   8          #include "iic.h"
   9          
  10          
  11          #define DELAY_TIME 5
  12          
  13          #define SlaveAddrW 0xA0
  14          #define SlaveAddrR 0xA1
  15          
  16          //总线引脚定义
  17          sbit SDA = P2^1;  /* 数据线 */
  18          sbit SCL = P2^0;  /* 时钟线 */
  19          
  20          void IIC_Delay(unsigned char i)
  21          {
  22   1          do{_nop_();}
  23   1          while(i--);        
  24   1      }
  25          //总线启动条件
  26          void IIC_Start(void)
  27          {
  28   1          SDA = 1;
  29   1          SCL = 1;
  30   1          IIC_Delay(DELAY_TIME);
  31   1          SDA = 0;
  32   1          IIC_Delay(DELAY_TIME);
  33   1          SCL = 0;    
  34   1      }
  35          
  36          //总线停止条件
  37          void IIC_Stop(void)
  38          {
  39   1          SDA = 0;
  40   1          SCL = 1;
  41   1          IIC_Delay(DELAY_TIME);
  42   1          SDA = 1;
  43   1          IIC_Delay(DELAY_TIME);
  44   1      }
  45          
  46          //发送应答
  47          void IIC_SendAck(bit ackbit)
  48          {
  49   1          SCL = 0;
  50   1          SDA = ackbit;                                       // 0：应答，1：非应答
  51   1          IIC_Delay(DELAY_TIME);
  52   1          SCL = 1;
  53   1          IIC_Delay(DELAY_TIME);
  54   1          SCL = 0; 
C51 COMPILER V9.56.0.0   IIC                                                               08/07/2024 09:57:11 PAGE 2   

  55   1          SDA = 1;
  56   1          IIC_Delay(DELAY_TIME);
  57   1      }
  58          
  59          //等待应答
  60          bit IIC_WaitAck(void)
  61          {
  62   1          bit ackbit;
  63   1              
  64   1          SCL  = 1;
  65   1          IIC_Delay(DELAY_TIME);
  66   1          ackbit = SDA;
  67   1          SCL = 0;
  68   1          IIC_Delay(DELAY_TIME);
  69   1          return ackbit;
  70   1      }
  71          
  72          //通过I2C总线发送数据
  73          void IIC_SendByte(unsigned char byt)
  74          {
  75   1          unsigned char i;
  76   1      
  77   1          for(i=0; i<8; i++)
  78   1          {
  79   2              SCL  = 0;
  80   2              IIC_Delay(DELAY_TIME);
  81   2              if(byt & 0x80) SDA  = 1;
  82   2              else SDA  = 0;
  83   2              IIC_Delay(DELAY_TIME);
  84   2              SCL = 1;
  85   2              byt <<= 1;
  86   2              IIC_Delay(DELAY_TIME);
  87   2          }
  88   1          SCL  = 0;  
  89   1      }
  90          
  91          //从I2C总线上接收数据
  92          unsigned char IIC_RecByte(void)
  93          {
  94   1          unsigned char i, da;
  95   1          for(i=0; i<8; i++)
  96   1          {   
  97   2              SCL = 1;
  98   2              IIC_Delay(DELAY_TIME);
  99   2              da <<= 1;
 100   2              if(SDA) da |= 1;
 101   2              SCL = 0;
 102   2              IIC_Delay(DELAY_TIME);
 103   2          }
 104   1          return da;    
 105   1      }
 106          
 107          
 108          //-------------------------下面函数要自己编写--------------------------
 109          //void Write_EEPROM(u8 add,u8 dat){
 110          //      IIC_Start();
 111          //      IIC_SendByte(0xa0);
 112          //      IIC_WaitAck();
 113          //      IIC_SendByte(add);
 114          //      IIC_WaitAck();
 115          //      IIC_SendByte(dat);
 116          //      IIC_WaitAck();
C51 COMPILER V9.56.0.0   IIC                                                               08/07/2024 09:57:11 PAGE 3   

 117          //      IIC_Stop();
 118          //      Delay5ms();
 119          //}
 120          
 121          
 122          //u8 Read_EEPROM(u8 add){
 123          //      u8 dat;
 124          //      IIC_Start();
 125          //      IIC_SendByte(0xa0);
 126          //      IIC_WaitAck();
 127          //      IIC_SendByte(add);
 128          //      IIC_WaitAck();
 129          
 130          //      IIC_Start();
 131          //      IIC_SendByte(0xa1);
 132          //      IIC_WaitAck();
 133          //      dat = IIC_RecByte();
 134          //      IIC_SendAck(1);
 135          //      IIC_Stop();
 136          //      
 137          //      return dat;
 138          //}
 139          
 140          
 141          
 142          
 143          
 144          
 145          
 146          
 147          u8 Read_ADC(){
 148   1              u8 adc_val;
 149   1              IIC_Start();
 150   1              IIC_SendByte(0x90);           // 0x90代表向pcf8591写数据
 151   1              IIC_WaitAck();
 152   1              IIC_SendByte(0x43);    //光敏电阻0x41       旋转电位器0x43           0x03湿度？
 153   1              IIC_WaitAck();
 154   1              
 155   1              IIC_Start();
 156   1              IIC_SendByte(0x91);
 157   1              IIC_WaitAck();
 158   1              adc_val = IIC_RecByte();
 159   1              IIC_SendAck(1);
 160   1              IIC_Stop();
 161   1              return adc_val;
 162   1      }
 163          
 164          void Write_DAC(u8 dat){
 165   1              IIC_Start();
 166   1              IIC_SendByte(0x90);
 167   1              IIC_WaitAck();
 168   1              IIC_SendByte(0x40);
 169   1              IIC_WaitAck();
 170   1              IIC_SendByte(dat);
 171   1              IIC_WaitAck();
 172   1              IIC_Stop();
 173   1      }


MODULE INFORMATION:   STATIC OVERLAYABLE
   CODE SIZE        =    222    ----
   CONSTANT SIZE    =   ----    ----
C51 COMPILER V9.56.0.0   IIC                                                               08/07/2024 09:57:11 PAGE 4   

   XDATA SIZE       =   ----    ----
   PDATA SIZE       =   ----    ----
   DATA SIZE        =   ----    ----
   IDATA SIZE       =   ----    ----
   BIT SIZE         =   ----       2
END OF MODULE INFORMATION.


C51 COMPILATION COMPLETE.  0 WARNING(S),  0 ERROR(S)
