C51 COMPILER V9.56.0.0   IICC                                                              07/11/2024 15:36:44 PAGE 1   


C51 COMPILER V9.56.0.0, COMPILATION OF MODULE IICC
OBJECT MODULE PLACED IN .\Objects\iicc.obj
COMPILER INVOKED BY: E:\Keil_c51v956\C51\BIN\C51.EXE Device\iicc.c OPTIMIZE(8,SPEED) BROWSE INCDIR(.\Device;.\System;.\L
                    -istings;.\Objects) DEBUG OBJECTEXTEND PRINT(.\Listings\iicc.lst) OBJECT(.\Objects\iicc.obj)

line level    source

   1          /*
   2            程序说明: IIC总线驱动程序
   3            软件环境: Keil uVision 4.10 
   4            硬件环境: CT107单片机综合实训平台 8051，12MHz
   5            日    期: 2011-8-9
   6          */
   7          
   8          #include "iicc.h"
*** WARNING C323 IN LINE 1 OF Device\BTM.h: newline expected, extra characters found
   9          
  10          
  11          #define DELAY_TIME 5
  12          
  13          #define SlaveAddrW 0xA0
  14          #define SlaveAddrR 0xA1
  15          
  16          //总线引脚定义
  17          sbit SDA = P2^1;  /* 数据线 */
  18          sbit SCL = P2^0;  /* 时钟线 */
  19          
  20          void IIC_Delay(unsigned char i)
  21          {
  22   1          do{_nop_();}
  23   1          while(i--);        
  24   1      }
  25          //总线启动条件
  26          void IIC_Start(void)
  27          {
  28   1          SDA = 1;
  29   1          SCL = 1;
  30   1          IIC_Delay(DELAY_TIME);
  31   1          SDA = 0;
  32   1          IIC_Delay(DELAY_TIME);
  33   1          SCL = 0;    
  34   1      }
  35          
  36          //总线停止条件
  37          void IIC_Stop(void)
  38          {
  39   1          SDA = 0;
  40   1          SCL = 1;
  41   1          IIC_Delay(DELAY_TIME);
  42   1          SDA = 1;
  43   1          IIC_Delay(DELAY_TIME);
  44   1      }
  45          
  46          //发送应答
  47          void IIC_SendAck(bit ackbit)
  48          {
  49   1          SCL = 0;
  50   1          SDA = ackbit;                                       // 0：应答，1：非应答
  51   1          IIC_Delay(DELAY_TIME);
  52   1          SCL = 1;
  53   1          IIC_Delay(DELAY_TIME);
C51 COMPILER V9.56.0.0   IICC                                                              07/11/2024 15:36:44 PAGE 2   

  54   1          SCL = 0; 
  55   1          SDA = 1;
  56   1          IIC_Delay(DELAY_TIME);
  57   1      }
  58          
  59          //等待应答
  60          bit IIC_WaitAck(void)
  61          {
  62   1          bit ackbit;
  63   1              
  64   1          SCL  = 1;
  65   1          IIC_Delay(DELAY_TIME);
  66   1          ackbit = SDA;
  67   1          SCL = 0;
  68   1          IIC_Delay(DELAY_TIME);
  69   1          return ackbit;
  70   1      }
  71          
  72          //通过I2C总线发送数据
  73          void IIC_SendByte(unsigned char byt)
  74          {
  75   1          unsigned char i;
  76   1      
  77   1          for(i=0; i<8; i++)
  78   1          {
  79   2              SCL  = 0;
  80   2              IIC_Delay(DELAY_TIME);
  81   2              if(byt & 0x80) SDA  = 1;
  82   2              else SDA  = 0;
  83   2              IIC_Delay(DELAY_TIME);
  84   2              SCL = 1;
  85   2              byt <<= 1;
  86   2              IIC_Delay(DELAY_TIME);
  87   2          }
  88   1          SCL  = 0;  
  89   1      }
  90          
  91          //从I2C总线上接收数据
  92          unsigned char IIC_RecByte(void)
  93          {
  94   1          unsigned char i, da;
  95   1          for(i=0; i<8; i++)
  96   1          {   
  97   2              SCL = 1;
  98   2              IIC_Delay(DELAY_TIME);
  99   2              da <<= 1;
 100   2              if(SDA) da |= 1;
 101   2              SCL = 0;
 102   2              IIC_Delay(DELAY_TIME);
 103   2          }
 104   1          return da;    
 105   1      }
 106          
 107          
 108          //-------------------------下面函数要自己编写--------------------------
 109          //Write
 110          void vWrite_EEPROM(u8 add,u8 dat){
 111   1              IIC_Start();
 112   1              IIC_SendByte(0xa0);
 113   1              IIC_WaitAck();
 114   1              IIC_SendByte(add);
 115   1              IIC_WaitAck();
C51 COMPILER V9.56.0.0   IICC                                                              07/11/2024 15:36:44 PAGE 3   

 116   1              IIC_SendByte(dat);
 117   1              IIC_WaitAck();
 118   1              IIC_Stop();
 119   1              IIC_Delay(5);
 120   1      }
 121          //Read
 122          u8 ucRead_EEPROM(u8 add){
 123   1              u8 dat;
 124   1              IIC_Start();
 125   1              IIC_SendByte(0xa0);
 126   1              IIC_WaitAck();
 127   1              IIC_SendByte(add);
 128   1              IIC_WaitAck();
 129   1              
 130   1              IIC_Start();
 131   1              IIC_SendByte(0xa1);
 132   1              IIC_WaitAck();
 133   1              dat = IIC_RecByte();
 134   1              IIC_SendAck(1);
 135   1              IIC_Stop();
 136   1              
 137   1              return dat;
 138   1              
 139   1      }
 140          
 141          
 142          
 143          //读取PCF8591
 144          //读取DAC
 145          u8 vRead_ADC(u8 ctrl_byte){
 146   1              u8 adc_val;
 147   1              IIC_Start();                //Start之后不用等待应答
 148   1              IIC_SendByte(0x90);
 149   1              IIC_WaitAck();
 150   1              IIC_SendByte(ctrl_byte); 
 151   1              IIC_WaitAck();
 152   1              
 153   1              IIC_Start();
 154   1              IIC_SendByte(0x91);
 155   1              IIC_WaitAck();
 156   1              adc_val = IIC_RecByte();
 157   1              IIC_SendAck(1);
 158   1              IIC_Stop();
 159   1              return adc_val;
 160   1      }
 161          
 162          //u8 vRead_ADC(u8 ctrl_byte) {
 163          //    u8 adc_val;
 164          //    IIC_Start();
 165          //    IIC_SendByte(0x90);
 166          //    IIC_WaitAck();
 167          //    IIC_SendByte(ctrl_byte);
 168          //    IIC_WaitAck();
 169          //    IIC_Start();
 170          //    IIC_SendByte(0x91);
 171          //    IIC_WaitAck();
 172          //    adc_val = IIC_RecByte();
 173          //    IIC_SendAck(1);
 174          //    IIC_Stop();
 175          //    return adc_val;
 176          //}
 177          //输出DAC
C51 COMPILER V9.56.0.0   IICC                                                              07/11/2024 15:36:44 PAGE 4   

 178          void vWrite_DAC(u8 ctrl_byte,u8 dat){
 179   1              IIC_Start();
 180   1              IIC_WaitAck();
 181   1              IIC_SendByte(0x90);
 182   1              IIC_WaitAck();
 183   1              IIC_SendByte(ctrl_byte);     //0x40 
 184   1              IIC_WaitAck();
 185   1              IIC_SendByte(dat);
 186   1              IIC_WaitAck();
 187   1              IIC_Stop();
 188   1              
 189   1      }


MODULE INFORMATION:   STATIC OVERLAYABLE
   CODE SIZE        =    302    ----
   CONSTANT SIZE    =   ----    ----
   XDATA SIZE       =   ----    ----
   PDATA SIZE       =   ----    ----
   DATA SIZE        =   ----    ----
   IDATA SIZE       =   ----    ----
   BIT SIZE         =   ----       2
END OF MODULE INFORMATION.


C51 COMPILATION COMPLETE.  1 WARNING(S),  0 ERROR(S)
