C51 COMPILER V9.56.0.0   ONEWIRE                                                           08/01/2024 21:52:21 PAGE 1   


C51 COMPILER V9.56.0.0, COMPILATION OF MODULE ONEWIRE
OBJECT MODULE PLACED IN .\Objects\onewire.obj
COMPILER INVOKED BY: E:\Keil_c51v956\C51\BIN\C51.EXE Device\onewire.c OPTIMIZE(8,SPEED) BROWSE INCDIR(.\Device;.\System)
                    - DEBUG OBJECTEXTEND PRINT(.\Listings\onewire.lst) OBJECT(.\Objects\onewire.obj)

line level    source

   1          /*
   2            程序说明: 单总线驱动程序
   3            软件环境: Keil uVision 4.10 
   4            硬件环境: CT107单片机综合实训平台(外部晶振12MHz) STC89C52RC单片机
   5            日    期: 2011-8-9
   6          */
   7          //#include "reg52.h"
   8          #include "onewire.h"
   9          
  10          sbit DQ = P1^4;  //单总线接口
  11          
  12          //单总线延时函数
  13          void Delay_OneWire(unsigned int t)  //STC89C52RC
  14          {
  15   1              t = t*12;
  16   1              while(t--);
  17   1      }
  18          
  19          //通过单总线向DS18B20写一个字节
  20          void Write_DS18B20(unsigned char dat)
  21          {
  22   1              unsigned char i;
  23   1              for(i=0;i<8;i++)
  24   1              {
  25   2                      DQ = 0;
  26   2                      DQ = dat&0x01;
  27   2                      Delay_OneWire(5);
  28   2                      DQ = 1;
  29   2                      dat >>= 1;
  30   2              }
  31   1              Delay_OneWire(5);
  32   1      }
  33          
  34          //从DS18B20读取一个字节
  35          unsigned char Read_DS18B20(void)
  36          {
  37   1              unsigned char i;
  38   1              unsigned char dat;
  39   1        
  40   1              for(i=0;i<8;i++)
  41   1              {
  42   2                      DQ = 0;
  43   2                      dat >>= 1;
  44   2                      DQ = 1;
  45   2                      if(DQ)
  46   2                      {
  47   3                              dat |= 0x80;
  48   3                      }           
  49   2                      Delay_OneWire(5);
  50   2              }
  51   1              return dat;
  52   1      }
  53          
  54          //DS18B20设备初始化
C51 COMPILER V9.56.0.0   ONEWIRE                                                           08/01/2024 21:52:21 PAGE 2   

  55          bit init_ds18b20(void)
  56          {
  57   1              bit initflag = 0;
  58   1              
  59   1              DQ = 1;
  60   1              Delay_OneWire(12);
  61   1              DQ = 0;
  62   1              Delay_OneWire(80);
  63   1              DQ = 1;
  64   1              Delay_OneWire(10); 
  65   1          initflag = DQ;     
  66   1              Delay_OneWire(5);
  67   1        
  68   1              return initflag;
  69   1      }
  70          
  71          
  72          //-------------------------下面函数要自己编写--------------------------
  73          float Read_Temp(){
  74   1              float temperature;
  75   1              u8 low,high;
  76   1              init_ds18b20();
  77   1              Write_DS18B20(0xcc);
  78   1              Write_DS18B20(0x44);
  79   1              
  80   1              init_ds18b20();
  81   1              Write_DS18B20(0xcc);
  82   1              Write_DS18B20(0xbe);
  83   1              low = Read_DS18B20();
  84   1              high = Read_DS18B20();
  85   1              temperature = (high<<8|low) * 0.0625;
  86   1              
  87   1              return temperature;
  88   1      }
  89          
  90          
  91          


MODULE INFORMATION:   STATIC OVERLAYABLE
   CODE SIZE        =    170    ----
   CONSTANT SIZE    =   ----    ----
   XDATA SIZE       =   ----    ----
   PDATA SIZE       =   ----    ----
   DATA SIZE        =   ----    ----
   IDATA SIZE       =   ----    ----
   BIT SIZE         =   ----       1
END OF MODULE INFORMATION.


C51 COMPILATION COMPLETE.  0 WARNING(S),  0 ERROR(S)
