C51 COMPILER V9.56.0.0   SMG                                                               07/18/2024 20:40:21 PAGE 1   


C51 COMPILER V9.56.0.0, COMPILATION OF MODULE SMG
OBJECT MODULE PLACED IN .\Objects\SMG.obj
COMPILER INVOKED BY: E:\Keil_c51v956\C51\BIN\C51.EXE Device\SMG.c OPTIMIZE(8,SPEED) BROWSE INCDIR(.\Device;.\System;.\Li
                    -stings;.\Objects) DEBUG OBJECTEXTEND PRINT(.\Listings\SMG.lst) OBJECT(.\Objects\SMG.obj)

line level    source

   1          #include "SMG.h"
*** WARNING C323 IN LINE 1 OF Device\BTM.h: newline expected, extra characters found
   2          //0    1    2    3    4    5    6    7    8    9 
   3          u8 smg_code[] = {0x3F,0x06,0x5B,0x4F,0x66,0x6D,0x7D,0x07,0x7F,0x6F};
   4          u8 smg_buf[8];
   5          
   6          void vSMG_Display(void){
   7   1              static int i;
   8   1              vDeviceCtrl(0xc0,0);
   9   1              vDeviceCtrl(0xe0,~smg_buf[i]);
  10   1              vDeviceCtrl(0xc0,0x01<<i);
  11   1              i++;
  12   1              if(i == 8) i=0;
  13   1      }


MODULE INFORMATION:   STATIC OVERLAYABLE
   CODE SIZE        =     58    ----
   CONSTANT SIZE    =   ----    ----
   XDATA SIZE       =   ----    ----
   PDATA SIZE       =   ----    ----
   DATA SIZE        =     20    ----
   IDATA SIZE       =   ----    ----
   BIT SIZE         =   ----    ----
END OF MODULE INFORMATION.


C51 COMPILATION COMPLETE.  1 WARNING(S),  0 ERROR(S)
