C51 COMPILER V9.56.0.0   TIMER                                                             07/22/2024 10:52:24 PAGE 1   


C51 COMPILER V9.56.0.0, COMPILATION OF MODULE TIMER
OBJECT MODULE PLACED IN .\Objects\Timer.obj
COMPILER INVOKED BY: E:\Keil_c51v956\C51\BIN\C51.EXE System\Timer.c OPTIMIZE(8,SPEED) BROWSE MODP2 INCDIR(.\System;.\Dev
                    -ice) DEBUG OBJECTEXTEND PRINT(.\Listings\Timer.lst) OBJECT(.\Objects\Timer.obj)

line level    source

   1          #include "Timer.h"
   2          
   3          void Timer2_Init(void)          //1毫秒@12.000MHz
   4          {
   5   1              AUXR |= 0x04;                   //定时器时钟1T模式
   6   1              T2L = 0x20;                             //设置定时初始值
   7   1              T2H = 0xD1;                             //设置定时初始值
   8   1              AUXR |= 0x10;                   //定时器2开始计时
   9   1      
  10   1          IE2 |= 0X04;
  11   1              EA = 1;
  12   1      }


MODULE INFORMATION:   STATIC OVERLAYABLE
   CODE SIZE        =     18    ----
   CONSTANT SIZE    =   ----    ----
   XDATA SIZE       =   ----    ----
   PDATA SIZE       =   ----    ----
   DATA SIZE        =   ----    ----
   IDATA SIZE       =   ----    ----
   BIT SIZE         =   ----    ----
END OF MODULE INFORMATION.


C51 COMPILATION COMPLETE.  0 WARNING(S),  0 ERROR(S)
