C51 COMPILER V9.56.0.0   TIMER                                                             07/18/2024 20:40:20 PAGE 1   


C51 COMPILER V9.56.0.0, COMPILATION OF MODULE TIMER
OBJECT MODULE PLACED IN .\Objects\timer.obj
COMPILER INVOKED BY: E:\Keil_c51v956\C51\BIN\C51.EXE System\timer.c OPTIMIZE(8,SPEED) BROWSE INCDIR(.\Device;.\System;.\
                    -Listings;.\Objects) DEBUG OBJECTEXTEND PRINT(.\Listings\timer.lst) OBJECT(.\Objects\timer.obj)

line level    source

   1          #include "timer.h"
*** WARNING C323 IN LINE 1 OF .\Device\BTM.h: newline expected, extra characters found
   2          
   3          
   4          void Timer2_Init(void)          //1毫秒@12.000MHz
   5          {
   6   1              AUXR &= 0xFB;                   //定时器时钟12T模式
   7   1              T2L = 0x18;                             //设置定时初始值
   8   1              T2H = 0xFC;                             //设置定时初始值
   9   1              AUXR |= 0x10;                   //定时器2开始计时
  10   1      //----------记得要加上这两个------------------
  11   1              IE2 |= 0x04;                                                     //开定时器2中断
  12   1              EA = 1;                                                                                                                  //开启总中断
  13   1      }


MODULE INFORMATION:   STATIC OVERLAYABLE
   CODE SIZE        =     18    ----
   CONSTANT SIZE    =   ----    ----
   XDATA SIZE       =   ----    ----
   PDATA SIZE       =   ----    ----
   DATA SIZE        =   ----    ----
   IDATA SIZE       =   ----    ----
   BIT SIZE         =   ----    ----
END OF MODULE INFORMATION.


C51 COMPILATION COMPLETE.  1 WARNING(S),  0 ERROR(S)
